[2017-04-18T02:02:08,009][INFO ][o.e.c.m.MetaDataCreateIndexService] [q31wdmh] [site] creating index, cause [auto(bulk api)], templates [], shards [5]/[1], mappings []
[2017-04-18T02:02:08,688][INFO ][o.e.c.m.MetaDataMappingService] [q31wdmh] [site/AImv5FXVR-y_Tw__-I38CQ] create_mapping [test]
[2017-04-18T02:15:38,218][INFO ][o.e.c.m.MetaDataCreateIndexService] [q31wdmh] [site] creating index, cause [auto(bulk api)], templates [], shards [5]/[1], mappings []
[2017-04-18T02:15:38,524][INFO ][o.e.c.m.MetaDataMappingService] [q31wdmh] [site/_qkqAnIrToqHUjdvqDo-Cg] create_mapping [test]
[2017-04-18T02:32:58,037][INFO ][o.e.c.m.MetaDataCreateIndexService] [q31wdmh] [site] creating index, cause [auto(bulk api)], templates [], shards [5]/[1], mappings []
[2017-04-18T02:32:58,310][INFO ][o.e.c.m.MetaDataMappingService] [q31wdmh] [site/-rYdizUJRxq2zGHh5LZ8JQ] create_mapping [test]
[2017-04-18T02:33:55,583][INFO ][o.e.c.m.MetaDataCreateIndexService] [q31wdmh] [site] creating index, cause [auto(bulk api)], templates [], shards [5]/[1], mappings []
[2017-04-18T02:33:55,869][INFO ][o.e.c.m.MetaDataMappingService] [q31wdmh] [site/9ccLBu_uSimjLQn_Suu8kw] create_mapping [test]
[2017-04-18T02:48:02,937][INFO ][o.e.c.m.MetaDataCreateIndexService] [q31wdmh] [site] creating index, cause [auto(bulk api)], templates [], shards [5]/[1], mappings []
[2017-04-18T02:48:03,070][INFO ][o.e.c.m.MetaDataMappingService] [q31wdmh] [site/Dj0ZdVacQXeZBPpzPjGhTg] create_mapping [test]
[2017-04-18T02:48:44,855][INFO ][o.e.c.m.MetaDataCreateIndexService] [q31wdmh] [site] creating index, cause [auto(bulk api)], templates [], shards [5]/[1], mappings []
[2017-04-18T02:48:44,976][INFO ][o.e.c.m.MetaDataMappingService] [q31wdmh] [site/xt0nqafKQUC5UDzEWxBCvQ] create_mapping [test]
[2017-04-18T09:03:05,164][INFO ][o.e.c.m.MetaDataCreateIndexService] [q31wdmh] [site] creating index, cause [auto(bulk api)], templates [], shards [5]/[1], mappings []
[2017-04-18T09:03:05,322][INFO ][o.e.c.m.MetaDataMappingService] [q31wdmh] [site/Z9qj79wsSC6QSgGKPKMxTg] create_mapping [test]
[2017-04-18T09:03:06,462][INFO ][o.e.m.j.JvmGcMonitorService] [q31wdmh] [gc][162063] overhead, spent [307ms] collecting in the last [1s]
[2017-04-18T09:04:47,618][INFO ][o.e.c.m.MetaDataCreateIndexService] [q31wdmh] [site] creating index, cause [auto(bulk api)], templates [], shards [5]/[1], mappings []
[2017-04-18T09:04:47,735][INFO ][o.e.c.m.MetaDataMappingService] [q31wdmh] [site/bnm8x_lzR8q4lAwjQ2WIiQ] create_mapping [test]
[2017-04-18T09:05:10,629][INFO ][o.e.c.m.MetaDataCreateIndexService] [q31wdmh] [site] creating index, cause [auto(bulk api)], templates [], shards [5]/[1], mappings []
[2017-04-18T09:05:10,763][INFO ][o.e.c.m.MetaDataMappingService] [q31wdmh] [site/SE31aTo6R5aZspg9b-ZSTg] create_mapping [test]
[2017-04-18T09:05:32,252][INFO ][o.e.c.m.MetaDataCreateIndexService] [q31wdmh] [site] creating index, cause [auto(bulk api)], templates [], shards [5]/[1], mappings []
[2017-04-18T09:05:32,394][INFO ][o.e.c.m.MetaDataMappingService] [q31wdmh] [site/t7rkkJ0qS3iA9NoURvZkuw] create_mapping [test]
[2017-04-18T09:05:32,912][INFO ][o.e.m.j.JvmGcMonitorService] [q31wdmh] [gc][162209] overhead, spent [286ms] collecting in the last [1s]
