[2017-04-05T01:50:55,044][WARN ][r.suppressed             ] path: /sumo/_bulk, params: {pretty=, index=sumo}
com.fasterxml.jackson.core.io.JsonEOFException: Unexpected end-of-input: expected close marker for Object (start marker at [Source: org.elasticsearch.transport.netty4.ByteBufStreamInput@747ea560; line: 1, column: 1])
 at [Source: org.elasticsearch.transport.netty4.ByteBufStreamInput@747ea560; line: 1, column: 3]
	at com.fasterxml.jackson.core.base.ParserMinimalBase._reportInvalidEOF(ParserMinimalBase.java:483) ~[jackson-core-2.8.1.jar:2.8.1]
	at com.fasterxml.jackson.core.base.ParserBase._handleEOF(ParserBase.java:535) ~[jackson-core-2.8.1.jar:2.8.1]
	at com.fasterxml.jackson.core.base.ParserBase._eofAsNextChar(ParserBase.java:547) ~[jackson-core-2.8.1.jar:2.8.1]
	at com.fasterxml.jackson.core.json.UTF8StreamJsonParser._skipWSOrEnd(UTF8StreamJsonParser.java:2930) ~[jackson-core-2.8.1.jar:2.8.1]
	at com.fasterxml.jackson.core.json.UTF8StreamJsonParser.nextToken(UTF8StreamJsonParser.java:731) ~[jackson-core-2.8.1.jar:2.8.1]
	at org.elasticsearch.common.xcontent.json.JsonXContentParser.nextToken(JsonXContentParser.java:52) ~[elasticsearch-5.1.2.jar:5.1.2]
	at org.elasticsearch.action.bulk.BulkRequest.add(BulkRequest.java:300) ~[elasticsearch-5.1.2.jar:5.1.2]
	at org.elasticsearch.rest.action.document.RestBulkAction.prepareRequest(RestBulkAction.java:97) ~[elasticsearch-5.1.2.jar:5.1.2]
	at org.elasticsearch.rest.BaseRestHandler.handleRequest(BaseRestHandler.java:66) ~[elasticsearch-5.1.2.jar:5.1.2]
	at org.elasticsearch.rest.RestController.executeHandler(RestController.java:243) ~[elasticsearch-5.1.2.jar:5.1.2]
	at org.elasticsearch.rest.RestController.dispatchRequest(RestController.java:200) [elasticsearch-5.1.2.jar:5.1.2]
	at org.elasticsearch.http.HttpServer.dispatchRequest(HttpServer.java:113) [elasticsearch-5.1.2.jar:5.1.2]
	at org.elasticsearch.http.netty4.Netty4HttpServerTransport.dispatchRequest(Netty4HttpServerTransport.java:507) [transport-netty4-5.1.2.jar:5.1.2]
	at org.elasticsearch.http.netty4.Netty4HttpRequestHandler.channelRead0(Netty4HttpRequestHandler.java:69) [transport-netty4-5.1.2.jar:5.1.2]
	at io.netty.channel.SimpleChannelInboundHandler.channelRead(SimpleChannelInboundHandler.java:105) [netty-transport-4.1.6.Final.jar:4.1.6.Final]
	at io.netty.channel.AbstractChannelHandlerContext.invokeChannelRead(AbstractChannelHandlerContext.java:373) [netty-transport-4.1.6.Final.jar:4.1.6.Final]
	at io.netty.channel.AbstractChannelHandlerContext.invokeChannelRead(AbstractChannelHandlerContext.java:359) [netty-transport-4.1.6.Final.jar:4.1.6.Final]
	at io.netty.channel.AbstractChannelHandlerContext.fireChannelRead(AbstractChannelHandlerContext.java:351) [netty-transport-4.1.6.Final.jar:4.1.6.Final]
	at org.elasticsearch.http.netty4.pipelining.HttpPipeliningHandler.channelRead(HttpPipeliningHandler.java:66) [transport-netty4-5.1.2.jar:5.1.2]
	at io.netty.channel.AbstractChannelHandlerContext.invokeChannelRead(AbstractChannelHandlerContext.java:373) [netty-transport-4.1.6.Final.jar:4.1.6.Final]
	at io.netty.channel.AbstractChannelHandlerContext.invokeChannelRead(AbstractChannelHandlerContext.java:359) [netty-transport-4.1.6.Final.jar:4.1.6.Final]
	at io.netty.channel.AbstractChannelHandlerContext.fireChannelRead(AbstractChannelHandlerContext.java:351) [netty-transport-4.1.6.Final.jar:4.1.6.Final]
	at io.netty.handler.codec.MessageToMessageDecoder.channelRead(MessageToMessageDecoder.java:102) [netty-codec-4.1.6.Final.jar:4.1.6.Final]
	at io.netty.handler.codec.MessageToMessageCodec.channelRead(MessageToMessageCodec.java:111) [netty-codec-4.1.6.Final.jar:4.1.6.Final]
	at io.netty.channel.AbstractChannelHandlerContext.invokeChannelRead(AbstractChannelHandlerContext.java:373) [netty-transport-4.1.6.Final.jar:4.1.6.Final]
	at io.netty.channel.AbstractChannelHandlerContext.invokeChannelRead(AbstractChannelHandlerContext.java:359) [netty-transport-4.1.6.Final.jar:4.1.6.Final]
	at io.netty.channel.AbstractChannelHandlerContext.fireChannelRead(AbstractChannelHandlerContext.java:351) [netty-transport-4.1.6.Final.jar:4.1.6.Final]
	at io.netty.handler.codec.MessageToMessageDecoder.channelRead(MessageToMessageDecoder.java:102) [netty-codec-4.1.6.Final.jar:4.1.6.Final]
	at io.netty.channel.AbstractChannelHandlerContext.invokeChannelRead(AbstractChannelHandlerContext.java:373) [netty-transport-4.1.6.Final.jar:4.1.6.Final]
	at io.netty.channel.AbstractChannelHandlerContext.invokeChannelRead(AbstractChannelHandlerContext.java:359) [netty-transport-4.1.6.Final.jar:4.1.6.Final]
	at io.netty.channel.AbstractChannelHandlerContext.fireChannelRead(AbstractChannelHandlerContext.java:351) [netty-transport-4.1.6.Final.jar:4.1.6.Final]
	at io.netty.handler.codec.MessageToMessageDecoder.channelRead(MessageToMessageDecoder.java:102) [netty-codec-4.1.6.Final.jar:4.1.6.Final]
	at io.netty.channel.AbstractChannelHandlerContext.invokeChannelRead(AbstractChannelHandlerContext.java:373) [netty-transport-4.1.6.Final.jar:4.1.6.Final]
	at io.netty.channel.AbstractChannelHandlerContext.invokeChannelRead(AbstractChannelHandlerContext.java:359) [netty-transport-4.1.6.Final.jar:4.1.6.Final]
	at io.netty.channel.AbstractChannelHandlerContext.fireChannelRead(AbstractChannelHandlerContext.java:351) [netty-transport-4.1.6.Final.jar:4.1.6.Final]
	at io.netty.handler.codec.ByteToMessageDecoder.fireChannelRead(ByteToMessageDecoder.java:293) [netty-codec-4.1.6.Final.jar:4.1.6.Final]
	at io.netty.handler.codec.ByteToMessageDecoder.channelRead(ByteToMessageDecoder.java:267) [netty-codec-4.1.6.Final.jar:4.1.6.Final]
	at io.netty.channel.AbstractChannelHandlerContext.invokeChannelRead(AbstractChannelHandlerContext.java:373) [netty-transport-4.1.6.Final.jar:4.1.6.Final]
	at io.netty.channel.AbstractChannelHandlerContext.invokeChannelRead(AbstractChannelHandlerContext.java:359) [netty-transport-4.1.6.Final.jar:4.1.6.Final]
	at io.netty.channel.AbstractChannelHandlerContext.fireChannelRead(AbstractChannelHandlerContext.java:351) [netty-transport-4.1.6.Final.jar:4.1.6.Final]
	at io.netty.channel.ChannelInboundHandlerAdapter.channelRead(ChannelInboundHandlerAdapter.java:86) [netty-transport-4.1.6.Final.jar:4.1.6.Final]
	at io.netty.channel.AbstractChannelHandlerContext.invokeChannelRead(AbstractChannelHandlerContext.java:373) [netty-transport-4.1.6.Final.jar:4.1.6.Final]
	at io.netty.channel.AbstractChannelHandlerContext.invokeChannelRead(AbstractChannelHandlerContext.java:359) [netty-transport-4.1.6.Final.jar:4.1.6.Final]
	at io.netty.channel.AbstractChannelHandlerContext.fireChannelRead(AbstractChannelHandlerContext.java:351) [netty-transport-4.1.6.Final.jar:4.1.6.Final]
	at io.netty.channel.DefaultChannelPipeline$HeadContext.channelRead(DefaultChannelPipeline.java:1334) [netty-transport-4.1.6.Final.jar:4.1.6.Final]
	at io.netty.channel.AbstractChannelHandlerContext.invokeChannelRead(AbstractChannelHandlerContext.java:373) [netty-transport-4.1.6.Final.jar:4.1.6.Final]
	at io.netty.channel.AbstractChannelHandlerContext.invokeChannelRead(AbstractChannelHandlerContext.java:359) [netty-transport-4.1.6.Final.jar:4.1.6.Final]
	at io.netty.channel.DefaultChannelPipeline.fireChannelRead(DefaultChannelPipeline.java:926) [netty-transport-4.1.6.Final.jar:4.1.6.Final]
	at io.netty.channel.nio.AbstractNioByteChannel$NioByteUnsafe.read(AbstractNioByteChannel.java:129) [netty-transport-4.1.6.Final.jar:4.1.6.Final]
	at io.netty.channel.nio.NioEventLoop.processSelectedKey(NioEventLoop.java:651) [netty-transport-4.1.6.Final.jar:4.1.6.Final]
	at io.netty.channel.nio.NioEventLoop.processSelectedKeysPlain(NioEventLoop.java:536) [netty-transport-4.1.6.Final.jar:4.1.6.Final]
	at io.netty.channel.nio.NioEventLoop.processSelectedKeys(NioEventLoop.java:490) [netty-transport-4.1.6.Final.jar:4.1.6.Final]
	at io.netty.channel.nio.NioEventLoop.run(NioEventLoop.java:450) [netty-transport-4.1.6.Final.jar:4.1.6.Final]
	at io.netty.util.concurrent.SingleThreadEventExecutor$5.run(SingleThreadEventExecutor.java:873) [netty-common-4.1.6.Final.jar:4.1.6.Final]
	at java.lang.Thread.run(Thread.java:745) [?:1.8.0_45]
[2017-04-05T01:58:11,179][INFO ][o.e.c.m.MetaDataMappingService] [q31wdmh] [bank/ox6hkVe4RLScFg6pvJaj5g] create_mapping [account2]
[2017-04-05T01:59:16,295][INFO ][o.e.c.m.MetaDataCreateIndexService] [q31wdmh] [bank2] creating index, cause [auto(bulk api)], templates [], shards [5]/[1], mappings []
[2017-04-05T01:59:16,432][INFO ][o.e.c.m.MetaDataMappingService] [q31wdmh] [bank2/5LNM-rzcQqmn9FGU_Zmnng] create_mapping [account]
[2017-04-05T02:21:26,231][INFO ][o.e.c.m.MetaDataCreateIndexService] [q31wdmh] [bank] creating index, cause [auto(index api)], templates [], shards [5]/[1], mappings []
[2017-04-05T02:23:41,020][INFO ][o.e.c.m.MetaDataCreateIndexService] [q31wdmh] [site] creating index, cause [auto(index api)], templates [], shards [5]/[1], mappings []
[2017-04-05T02:24:36,544][INFO ][o.e.c.m.MetaDataMappingService] [q31wdmh] [site/UpEZMdBnSb-hjKvuvnTuEw] create_mapping [sumo]
[2017-04-05T02:27:50,175][INFO ][o.e.c.m.MetaDataMappingService] [q31wdmh] [site/UpEZMdBnSb-hjKvuvnTuEw] create_mapping [test]
[2017-04-05T02:38:58,698][INFO ][o.e.c.m.MetaDataMappingService] [q31wdmh] [bank/153WOe9USCe_MCMA3w0slw] create_mapping [account]
[2017-04-05T02:41:17,773][INFO ][o.e.c.m.MetaDataCreateIndexService] [q31wdmh] [site] creating index, cause [auto(bulk api)], templates [], shards [5]/[1], mappings []
[2017-04-05T02:41:17,868][INFO ][o.e.c.m.MetaDataMappingService] [q31wdmh] [site/1-iqTxZqSFCSbZKsYy3u4g] create_mapping [test]
[2017-04-05T02:53:03,160][INFO ][o.e.c.m.MetaDataCreateIndexService] [q31wdmh] [site] creating index, cause [auto(bulk api)], templates [], shards [5]/[1], mappings []
[2017-04-05T02:53:03,312][INFO ][o.e.c.m.MetaDataMappingService] [q31wdmh] [site/sCnpIW7cSFCuovt2gVpD_Q] create_mapping [test]
